<?xml version="1.0" encoding="UTF-8"?>
<!-- Generated by org.testng.reporters.JUnitReportReporter -->
<testsuite hostname="ImranVaseem" failures="0" tests="2" name="testng.testngtutorial" time="0.006" errors="0" timestamp="2022-06-26T12:41:16 IST" skipped="0">
  <testcase classname="testng.testngtutorial" name="intro" time="0.001"/>
  <system-out/>
  <testcase classname="testng.testngtutorial" name="demo" time="0.005"/>
  <system-out/>
</testsuite> <!-- testng.testngtutorial -->
